<?xml version="1.0" encoding="UTF-8"?>
<!-- Generated by org.testng.reporters.JUnitReportReporter -->
<testsuite hostname="LAPTOP-01Q950H6" failures="0" tests="1" name="testCases.TC002_LoginTest" time="1.588" errors="0" timestamp="2024-10-23T10:50:12 IST" skipped="0">
  <testcase classname="testCases.TC002_LoginTest" name="verify_login" time="1.588"/>
</testsuite> <!-- testCases.TC002_LoginTest -->
